<?xml version="1.0" encoding="UTF-8"?>
<testsuite name="ajsnow.playground.groupofpictures.GroupofpicturesApplicationTests" tests="1" skipped="0" failures="0" errors="0" timestamp="2023-12-23T00:43:26" hostname="DESKTOP-SAA3688" time="0.717">
  <properties/>
  <testcase name="contextLoads()" classname="ajsnow.playground.groupofpictures.GroupofpicturesApplicationTests" time="0.717"/>
  <system-out><![CDATA[18:43:25.760 [Test worker] INFO org.springframework.test.context.support.AnnotationConfigContextLoaderUtils -- Could not detect default configuration classes for test class [ajsnow.playground.groupofpictures.GroupofpicturesApplicationTests]: GroupofpicturesApplicationTests does not declare any static, non-private, non-final, nested classes annotated with @Configuration.
18:43:25.838 [Test worker] INFO org.springframework.boot.test.context.SpringBootTestContextBootstrapper -- Found @SpringBootConfiguration ajsnow.playground.groupofpictures.GroupofpicturesApplication for test class ajsnow.playground.groupofpictures.GroupofpicturesApplicationTests

  .   ____          _            __ _ _
 /\\ / ___'_ __ _ _(_)_ __  __ _ \ \ \ \
( ( )\___ | '_ | '_| | '_ \/ _` | \ \ \ \
 \\/  ___)| |_)| | | | | || (_| |  ) ) ) )
  '  |____| .__|_| |_|_| |_\__, | / / / /
 =========|_|==============|___/=/_/_/_/
 :: Spring Boot ::                (v3.2.1)

2023-12-22T18:43:26.171-06:00  INFO 17388 --- [    Test worker] a.p.g.GroupofpicturesApplicationTests    : Starting GroupofpicturesApplicationTests using Java 21.0.1 with PID 17388 (started by AJ in C:\Programming\assessments\screencastify\groupofpictures)
2023-12-22T18:43:26.172-06:00  INFO 17388 --- [    Test worker] a.p.g.GroupofpicturesApplicationTests    : No active profile set, falling back to 1 default profile: "default"
2023-12-22T18:43:26.641-06:00  INFO 17388 --- [    Test worker] a.p.g.GroupofpicturesApplicationTests    : Started GroupofpicturesApplicationTests in 0.66 seconds (process running for 1.644)
]]></system-out>
  <system-err><![CDATA[WARNING: A Java agent has been loaded dynamically (C:\Users\AJ\.gradle\caches\modules-2\files-2.1\net.bytebuddy\byte-buddy-agent\1.14.10\90ed94ac044ea8953b224304c762316e91fd6b31\byte-buddy-agent-1.14.10.jar)
WARNING: If a serviceability tool is in use, please run with -XX:+EnableDynamicAgentLoading to hide this warning
WARNING: If a serviceability tool is not in use, please run with -Djdk.instrument.traceUsage for more information
WARNING: Dynamic loading of agents will be disallowed by default in a future release
]]></system-err>
</testsuite>
